TN:
SF:src\controllers\authController.js
FN:7,exports.protect
FN:43,exports.register
FN:129,exports.login
FN:173,exports.logout
FN:184,exports.getCurrentUser
FNF:5
FNH:1
FNDA:4,exports.protect
FNDA:0,exports.register
FNDA:0,exports.login
FNDA:0,exports.logout
FNDA:0,exports.getCurrentUser
DA:1,16
DA:2,16
DA:3,16
DA:4,16
DA:5,16
DA:6,16
DA:7,16
DA:8,4
DA:9,4
DA:10,4
DA:11,4
DA:12,4
DA:13,4
DA:14,4
DA:15,4
DA:16,0
DA:17,0
DA:18,4
DA:19,4
DA:20,4
DA:21,4
DA:22,4
DA:23,4
DA:24,4
DA:25,4
DA:26,4
DA:27,0
DA:28,0
DA:29,0
DA:30,0
DA:31,0
DA:32,0
DA:33,0
DA:34,0
DA:35,0
DA:36,0
DA:37,0
DA:38,0
DA:39,0
DA:40,16
DA:41,16
DA:42,16
DA:43,16
DA:44,0
DA:45,0
DA:46,0
DA:47,0
DA:48,0
DA:49,0
DA:50,0
DA:51,0
DA:52,0
DA:53,0
DA:54,0
DA:55,0
DA:56,0
DA:57,0
DA:58,0
DA:59,0
DA:60,0
DA:61,0
DA:62,0
DA:63,0
DA:64,0
DA:65,0
DA:66,0
DA:67,0
DA:68,0
DA:69,0
DA:70,0
DA:71,0
DA:72,0
DA:73,0
DA:74,0
DA:75,0
DA:76,0
DA:77,0
DA:78,0
DA:79,0
DA:80,0
DA:81,0
DA:82,0
DA:83,0
DA:84,0
DA:85,0
DA:86,0
DA:87,0
DA:88,0
DA:89,0
DA:90,0
DA:91,0
DA:92,0
DA:93,0
DA:94,0
DA:95,0
DA:96,0
DA:97,0
DA:98,0
DA:99,0
DA:100,0
DA:101,0
DA:102,0
DA:103,0
DA:104,0
DA:105,0
DA:106,0
DA:107,0
DA:108,0
DA:109,0
DA:110,0
DA:111,0
DA:112,0
DA:113,0
DA:114,0
DA:115,0
DA:116,0
DA:117,0
DA:118,0
DA:119,0
DA:120,0
DA:121,0
DA:122,0
DA:123,0
DA:124,0
DA:125,0
DA:126,16
DA:127,16
DA:128,16
DA:129,16
DA:130,0
DA:131,0
DA:132,0
DA:133,0
DA:134,0
DA:135,0
DA:136,0
DA:137,0
DA:138,0
DA:139,0
DA:140,0
DA:141,0
DA:142,0
DA:143,0
DA:144,0
DA:145,0
DA:146,0
DA:147,0
DA:148,0
DA:149,0
DA:150,0
DA:151,0
DA:152,0
DA:153,0
DA:154,0
DA:155,0
DA:156,0
DA:157,0
DA:158,0
DA:159,0
DA:160,0
DA:161,0
DA:162,0
DA:163,0
DA:164,0
DA:165,0
DA:166,0
DA:167,0
DA:168,0
DA:169,0
DA:170,16
DA:171,16
DA:172,16
DA:173,16
DA:174,0
DA:175,0
DA:176,0
DA:177,0
DA:178,0
DA:179,0
DA:180,0
DA:181,16
DA:182,16
DA:183,16
DA:184,16
DA:185,0
DA:186,0
DA:187,0
DA:188,0
DA:189,0
DA:190,0
DA:191,0
DA:192,0
DA:193,0
DA:194,0
DA:195,0
DA:196,0
DA:197,16
LF:197
LH:41
BRDA:1,0,0,16
BRDA:7,1,0,4
BRDA:15,2,0,0
BRDA:27,3,0,0
BRF:4
BRH:2
end_of_record
TN:
SF:src\controllers\blockedDate.controller.js
FN:7,rangesOverlap
FN:12,exports.listByBoat
FN:30,exports.listByBoatPublic
FN:42,exports.create
FN:105,exports.remove
FNF:5
FNH:0
FNDA:0,rangesOverlap
FNDA:0,exports.listByBoat
FNDA:0,exports.listByBoatPublic
FNDA:0,exports.create
FNDA:0,exports.remove
DA:1,16
DA:2,16
DA:3,16
DA:4,16
DA:5,16
DA:6,16
DA:7,0
DA:8,0
DA:9,0
DA:10,16
DA:11,16
DA:12,16
DA:13,0
DA:14,0
DA:15,0
DA:16,0
DA:17,0
DA:18,0
DA:19,0
DA:20,0
DA:21,0
DA:22,0
DA:23,0
DA:24,0
DA:25,0
DA:26,0
DA:27,16
DA:28,16
DA:29,16
DA:30,16
DA:31,0
DA:32,0
DA:33,0
DA:34,0
DA:35,0
DA:36,0
DA:37,0
DA:38,16
DA:39,16
DA:40,16
DA:41,16
DA:42,16
DA:43,0
DA:44,0
DA:45,0
DA:46,0
DA:47,0
DA:48,0
DA:49,0
DA:50,0
DA:51,0
DA:52,0
DA:53,0
DA:54,0
DA:55,0
DA:56,0
DA:57,0
DA:58,0
DA:59,0
DA:60,0
DA:61,0
DA:62,0
DA:63,0
DA:64,0
DA:65,0
DA:66,0
DA:67,0
DA:68,0
DA:69,0
DA:70,0
DA:71,0
DA:72,0
DA:73,0
DA:74,0
DA:75,0
DA:76,0
DA:77,0
DA:78,0
DA:79,0
DA:80,0
DA:81,0
DA:82,0
DA:83,0
DA:84,0
DA:85,0
DA:86,0
DA:87,0
DA:88,0
DA:89,0
DA:90,0
DA:91,0
DA:92,0
DA:93,0
DA:94,0
DA:95,0
DA:96,0
DA:97,0
DA:98,0
DA:99,0
DA:100,0
DA:101,0
DA:102,16
DA:103,16
DA:104,16
DA:105,16
DA:106,0
DA:107,0
DA:108,0
DA:109,0
DA:110,0
DA:111,0
DA:112,0
DA:113,0
DA:114,0
DA:115,0
DA:116,0
DA:117,0
DA:118,0
DA:119,0
DA:120,0
DA:121,0
DA:122,0
DA:123,0
DA:124,0
DA:125,0
DA:126,16
LF:126
LH:23
BRDA:1,0,0,16
BRF:1
BRH:1
end_of_record
TN:
SF:src\controllers\boatController.js
FN:5,exports.createBoat
FN:19,exports.getBoats
FN:66,exports.getAvailableBoats
FN:212,exports.getUserBoats
FN:222,exports.getBoatById
FN:235,exports.updateBoat
FN:246,exports.deleteBoat
FNF:7
FNH:0
FNDA:0,exports.createBoat
FNDA:0,exports.getBoats
FNDA:0,exports.getAvailableBoats
FNDA:0,exports.getUserBoats
FNDA:0,exports.getBoatById
FNDA:0,exports.updateBoat
FNDA:0,exports.deleteBoat
DA:1,16
DA:2,16
DA:3,16
DA:4,16
DA:5,16
DA:6,0
DA:7,0
DA:8,0
DA:9,0
DA:10,0
DA:11,0
DA:12,0
DA:13,0
DA:14,0
DA:15,0
DA:16,16
DA:17,16
DA:18,16
DA:19,16
DA:20,0
DA:21,0
DA:22,0
DA:23,0
DA:24,0
DA:25,0
DA:26,0
DA:27,0
DA:28,0
DA:29,0
DA:30,0
DA:31,0
DA:32,0
DA:33,0
DA:34,0
DA:35,0
DA:36,0
DA:37,0
DA:38,0
DA:39,0
DA:40,0
DA:41,0
DA:42,0
DA:43,0
DA:44,0
DA:45,0
DA:46,0
DA:47,0
DA:48,0
DA:49,0
DA:50,0
DA:51,0
DA:52,0
DA:53,0
DA:54,0
DA:55,0
DA:56,0
DA:57,0
DA:58,0
DA:59,0
DA:60,0
DA:61,0
DA:62,0
DA:63,16
DA:64,16
DA:65,16
DA:66,16
DA:67,0
DA:68,0
DA:69,0
DA:70,0
DA:71,0
DA:72,0
DA:73,0
DA:74,0
DA:75,0
DA:76,0
DA:77,0
DA:78,0
DA:79,0
DA:80,0
DA:81,0
DA:82,0
DA:83,0
DA:84,0
DA:85,0
DA:86,0
DA:87,0
DA:88,0
DA:89,0
DA:90,0
DA:91,0
DA:92,0
DA:93,0
DA:94,0
DA:95,0
DA:96,0
DA:97,0
DA:98,0
DA:99,0
DA:100,0
DA:101,0
DA:102,0
DA:103,0
DA:104,0
DA:105,0
DA:106,0
DA:107,0
DA:108,0
DA:109,0
DA:110,0
DA:111,0
DA:112,0
DA:113,0
DA:114,0
DA:115,0
DA:116,0
DA:117,0
DA:118,0
DA:119,0
DA:120,0
DA:121,0
DA:122,0
DA:123,0
DA:124,0
DA:125,0
DA:126,0
DA:127,0
DA:128,0
DA:129,0
DA:130,0
DA:131,0
DA:132,0
DA:133,0
DA:134,0
DA:135,0
DA:136,0
DA:137,0
DA:138,0
DA:139,0
DA:140,0
DA:141,0
DA:142,0
DA:143,0
DA:144,0
DA:145,0
DA:146,0
DA:147,0
DA:148,0
DA:149,0
DA:150,0
DA:151,0
DA:152,0
DA:153,0
DA:154,0
DA:155,0
DA:156,0
DA:157,0
DA:158,0
DA:159,0
DA:160,0
DA:161,0
DA:162,0
DA:163,0
DA:164,0
DA:165,0
DA:166,0
DA:167,0
DA:168,0
DA:169,0
DA:170,0
DA:171,0
DA:172,0
DA:173,0
DA:174,0
DA:175,0
DA:176,0
DA:177,0
DA:178,0
DA:179,0
DA:180,0
DA:181,0
DA:182,0
DA:183,0
DA:184,0
DA:185,0
DA:186,0
DA:187,0
DA:188,0
DA:189,0
DA:190,0
DA:191,0
DA:192,0
DA:193,0
DA:194,0
DA:195,0
DA:196,0
DA:197,0
DA:198,0
DA:199,0
DA:200,0
DA:201,0
DA:202,0
DA:203,0
DA:204,0
DA:205,0
DA:206,0
DA:207,0
DA:208,0
DA:209,16
DA:210,16
DA:211,16
DA:212,16
DA:213,0
DA:214,0
DA:215,0
DA:216,0
DA:217,0
DA:218,0
DA:219,16
DA:220,16
DA:221,16
DA:222,16
DA:223,0
DA:224,0
DA:225,0
DA:226,0
DA:227,0
DA:228,0
DA:229,0
DA:230,0
DA:231,0
DA:232,16
DA:233,16
DA:234,16
DA:235,16
DA:236,0
DA:237,0
DA:238,0
DA:239,0
DA:240,0
DA:241,0
DA:242,0
DA:243,16
DA:244,16
DA:245,16
DA:246,16
DA:247,0
DA:248,0
DA:249,0
DA:250,0
DA:251,0
DA:252,0
DA:253,0
DA:254,16
LF:254
LH:30
BRDA:1,0,0,16
BRF:1
BRH:1
end_of_record
TN:
SF:src\controllers\contractualDocumentController.js
FN:9,InMemoryContractualDocument
FN:14,save
FN:19,find
FN:24,sort
FN:27,findOne
FN:34,findOneAndDelete
FN:42,findByIdAndDelete
FN:56,multerFn
FN:57,single
FN:58,array
FN:59,fields
FN:60,none
FN:61,any
FN:63,multerFn.memoryStorage
FN:64,multerFn.diskStorage
FN:72,multerFn
FN:79,multerFn.memoryStorage
FN:80,multerFn.diskStorage
FN:88,uuidv4
FN:103,fileFilter
FN:112,uploadSingle
FN:115,uploadSingle
FN:122,exports.uploadDocument
FN:209,exports.getUserDocuments
FN:222,exports.deleteDocument
FN:251,exports.getDocumentFile
FN:302,exports.uploadDocumentFromUrl
FNF:27
FNH:13
FNDA:1,InMemoryContractualDocument
FNDA:1,save
FNDA:2,find
FNDA:2,sort
FNDA:1,findOne
FNDA:1,findOneAndDelete
FNDA:1,findByIdAndDelete
FNDA:16,multerFn
FNDA:16,single
FNDA:0,array
FNDA:0,fields
FNDA:0,none
FNDA:0,any
FNDA:16,multerFn.memoryStorage
FNDA:0,multerFn.diskStorage
FNDA:0,multerFn
FNDA:0,multerFn.memoryStorage
FNDA:0,multerFn.diskStorage
FNDA:0,uuidv4
FNDA:0,fileFilter
FNDA:0,uploadSingle
FNDA:0,uploadSingle
FNDA:0,exports.uploadDocument
FNDA:2,exports.getUserDocuments
FNDA:1,exports.deleteDocument
FNDA:0,exports.getDocumentFile
FNDA:1,exports.uploadDocumentFromUrl
DA:1,16
DA:2,16
DA:3,16
DA:4,16
DA:5,16
DA:6,16
DA:7,16
DA:8,16
DA:9,16
DA:10,1
DA:11,1
DA:12,1
DA:13,1
DA:14,16
DA:15,1
DA:16,1
DA:17,1
DA:18,1
DA:19,16
DA:20,2
DA:21,1
DA:22,2
DA:23,2
DA:24,2
DA:25,2
DA:26,2
DA:27,16
DA:28,1
DA:29,1
DA:30,1
DA:31,1
DA:32,1
DA:33,1
DA:34,16
DA:35,1
DA:36,0
DA:37,0
DA:38,1
DA:39,1
DA:40,1
DA:41,1
DA:42,16
DA:43,1
DA:44,1
DA:45,0
DA:46,1
DA:47,16
DA:48,16
DA:49,16
DA:50,0
DA:51,0
DA:52,16
DA:53,16
DA:54,16
DA:55,16
DA:56,16
DA:57,16
DA:58,16
DA:59,16
DA:60,16
DA:61,16
DA:62,16
DA:63,16
DA:64,16
DA:65,16
DA:66,16
DA:67,0
DA:68,0
DA:69,0
DA:70,0
DA:71,0
DA:72,0
DA:73,0
DA:74,0
DA:75,0
DA:76,0
DA:77,0
DA:78,0
DA:79,0
DA:80,0
DA:81,0
DA:82,0
DA:83,0
DA:84,16
DA:85,16
DA:86,16
DA:87,16
DA:88,16
DA:89,16
DA:90,0
DA:91,0
DA:92,0
DA:93,16
DA:94,16
DA:95,16
DA:96,16
DA:97,16
DA:98,16
DA:99,16
DA:100,16
DA:101,16
DA:102,16
DA:103,16
DA:104,0
DA:105,0
DA:106,0
DA:107,0
DA:108,0
DA:109,0
DA:110,0
DA:111,16
DA:112,16
DA:113,16
DA:114,0
DA:115,0
DA:116,0
DA:117,16
DA:118,16
DA:119,16
DA:120,16
DA:121,16
DA:122,16
DA:123,0
DA:124,0
DA:125,0
DA:126,0
DA:127,0
DA:128,0
DA:129,0
DA:130,0
DA:131,0
DA:132,0
DA:133,0
DA:134,0
DA:135,0
DA:136,0
DA:137,0
DA:138,0
DA:139,0
DA:140,0
DA:141,0
DA:142,0
DA:143,0
DA:144,0
DA:145,0
DA:146,0
DA:147,0
DA:148,0
DA:149,0
DA:150,0
DA:151,0
DA:152,0
DA:153,0
DA:154,0
DA:155,0
DA:156,0
DA:157,0
DA:158,0
DA:159,0
DA:160,0
DA:161,0
DA:162,0
DA:163,0
DA:164,0
DA:165,0
DA:166,0
DA:167,0
DA:168,0
DA:169,0
DA:170,0
DA:171,0
DA:172,0
DA:173,0
DA:174,0
DA:175,0
DA:176,0
DA:177,0
DA:178,0
DA:179,0
DA:180,0
DA:181,0
DA:182,0
DA:183,0
DA:184,0
DA:185,0
DA:186,0
DA:187,0
DA:188,0
DA:189,0
DA:190,0
DA:191,0
DA:192,0
DA:193,0
DA:194,0
DA:195,0
DA:196,0
DA:197,0
DA:198,0
DA:199,0
DA:200,0
DA:201,0
DA:202,0
DA:203,0
DA:204,0
DA:205,0
DA:206,16
DA:207,16
DA:208,16
DA:209,16
DA:210,2
DA:211,2
DA:212,2
DA:213,2
DA:214,2
DA:215,2
DA:216,2
DA:217,0
DA:218,0
DA:219,16
DA:220,16
DA:221,16
DA:222,16
DA:223,1
DA:224,1
DA:225,1
DA:226,1
DA:227,1
DA:228,1
DA:229,1
DA:230,1
DA:231,0
DA:232,0
DA:233,1
DA:234,1
DA:235,1
DA:236,1
DA:237,1
DA:238,1
DA:239,0
DA:240,0
DA:241,1
DA:242,1
DA:243,1
DA:244,1
DA:245,1
DA:246,0
DA:247,0
DA:248,16
DA:249,16
DA:250,16
DA:251,16
DA:252,0
DA:253,0
DA:254,0
DA:255,0
DA:256,0
DA:257,0
DA:258,0
DA:259,0
DA:260,0
DA:261,0
DA:262,0
DA:263,0
DA:264,0
DA:265,0
DA:266,0
DA:267,0
DA:268,0
DA:269,0
DA:270,0
DA:271,0
DA:272,0
DA:273,0
DA:274,0
DA:275,0
DA:276,0
DA:277,0
DA:278,0
DA:279,0
DA:280,0
DA:281,0
DA:282,0
DA:283,0
DA:284,0
DA:285,0
DA:286,0
DA:287,0
DA:288,0
DA:289,0
DA:290,0
DA:291,0
DA:292,0
DA:293,0
DA:294,0
DA:295,0
DA:296,0
DA:297,0
DA:298,0
DA:299,16
DA:300,16
DA:301,16
DA:302,16
DA:303,1
DA:304,1
DA:305,1
DA:306,1
DA:307,1
DA:308,1
DA:309,1
DA:310,0
DA:311,0
DA:312,1
DA:313,0
DA:314,0
DA:315,1
DA:316,1
DA:317,1
DA:318,1
DA:319,1
DA:320,1
DA:321,1
DA:322,1
DA:323,1
DA:324,1
DA:325,1
DA:326,1
DA:327,1
DA:328,1
DA:329,1
DA:330,1
DA:331,1
DA:332,1
DA:333,1
DA:334,0
DA:335,0
DA:336,0
DA:337,16
LF:337
LH:157
BRDA:1,0,0,16
BRDA:49,1,0,0
BRDA:66,2,0,0
BRDA:89,3,0,0
BRDA:97,4,0,0
BRDA:112,5,0,0
BRDA:113,6,0,0
BRDA:9,7,0,1
BRDA:14,8,0,1
BRDA:16,9,0,0
BRDA:19,10,0,2
BRDA:20,11,0,1
BRDA:21,12,0,0
BRDA:21,13,0,0
BRDA:21,14,0,0
BRDA:24,15,0,2
BRDA:27,16,0,1
BRDA:32,17,0,0
BRDA:28,18,0,1
BRDA:29,19,0,0
BRDA:29,20,0,0
BRDA:29,21,0,0
BRDA:30,22,0,0
BRDA:30,23,0,0
BRDA:30,24,0,0
BRDA:31,25,0,0
BRDA:34,26,0,1
BRDA:39,27,0,0
BRDA:42,28,0,1
BRDA:45,29,0,0
BRDA:43,30,0,1
BRDA:43,31,0,0
BRDA:43,32,0,0
BRDA:56,33,0,16
BRDA:57,34,0,16
BRDA:63,35,0,16
BRDA:209,36,0,2
BRDA:211,37,0,0
BRDA:212,38,0,0
BRDA:216,39,0,0
BRDA:222,40,0,1
BRDA:224,41,0,0
BRDA:227,42,0,0
BRDA:230,43,0,0
BRDA:238,44,0,0
BRDA:245,45,0,0
BRDA:302,46,0,1
BRDA:304,47,0,0
BRDA:305,48,0,0
BRDA:309,49,0,0
BRDA:312,50,0,0
BRDA:324,51,0,0
BRDA:325,52,0,0
BRDA:326,53,0,0
BRDA:333,54,0,0
BRF:55
BRH:17
end_of_record
TN:
SF:src\controllers\favoriteController.js
FN:6,ensureUser
FN:11,findById
FN:14,populate
FN:16,findByIdAndUpdate
FN:28,populate
FN:36,exports.getFavorites
FN:50,exports.addFavorite
FN:67,exports.removeFavorite
FNF:8
FNH:8
FNDA:4,ensureUser
FNDA:1,findById
FNDA:1,populate
FNDA:3,findByIdAndUpdate
FNDA:3,populate
FNDA:1,exports.getFavorites
FNDA:2,exports.addFavorite
FNDA:1,exports.removeFavorite
DA:1,16
DA:2,16
DA:3,16
DA:4,16
DA:5,16
DA:6,16
DA:7,4
DA:8,4
DA:9,16
DA:10,16
DA:11,16
DA:12,1
DA:13,1
DA:14,1
DA:15,16
DA:16,16
DA:17,3
DA:18,3
DA:19,2
DA:20,2
DA:21,2
DA:22,3
DA:23,1
DA:24,1
DA:25,1
DA:26,1
DA:27,3
DA:28,3
DA:29,3
DA:30,3
DA:31,16
DA:32,16
DA:33,0
DA:34,0
DA:35,16
DA:36,16
DA:37,1
DA:38,1
DA:39,1
DA:40,1
DA:41,1
DA:42,1
DA:43,1
DA:44,1
DA:45,1
DA:46,0
DA:47,0
DA:48,16
DA:49,16
DA:50,16
DA:51,2
DA:52,2
DA:53,2
DA:54,2
DA:55,2
DA:56,2
DA:57,2
DA:58,2
DA:59,2
DA:60,2
DA:61,2
DA:62,2
DA:63,0
DA:64,0
DA:65,16
DA:66,16
DA:67,16
DA:68,1
DA:69,1
DA:70,1
DA:71,1
DA:72,1
DA:73,1
DA:74,1
DA:75,1
DA:76,1
DA:77,1
DA:78,1
DA:79,1
DA:80,0
DA:81,0
DA:82,16
LF:82
LH:74
BRDA:1,0,0,16
BRDA:32,1,0,0
BRDA:6,2,0,4
BRDA:7,3,0,1
BRDA:11,4,0,1
BRDA:14,5,0,1
BRDA:16,6,0,3
BRDA:18,7,0,2
BRDA:18,8,0,2
BRDA:20,9,0,1
BRDA:22,10,0,1
BRDA:22,11,0,1
BRDA:28,12,0,3
BRDA:36,13,0,1
BRDA:40,14,0,0
BRDA:43,15,0,0
BRDA:45,16,0,0
BRDA:50,17,0,2
BRDA:53,18,0,0
BRDA:60,19,0,0
BRDA:62,20,0,0
BRDA:67,21,0,1
BRDA:70,22,0,0
BRDA:77,23,0,0
BRDA:79,24,0,0
BRF:25
BRH:15
end_of_record
TN:
SF:src\controllers\paymentController.js
FN:4,exports.createPayment
FN:14,exports.getPayments
FN:24,exports.getPaymentById
FN:35,exports.updatePayment
FN:46,exports.deletePayment
FNF:5
FNH:0
FNDA:0,exports.createPayment
FNDA:0,exports.getPayments
FNDA:0,exports.getPaymentById
FNDA:0,exports.updatePayment
FNDA:0,exports.deletePayment
DA:1,16
DA:2,16
DA:3,16
DA:4,16
DA:5,0
DA:6,0
DA:7,0
DA:8,0
DA:9,0
DA:10,0
DA:11,16
DA:12,16
DA:13,16
DA:14,16
DA:15,0
DA:16,0
DA:17,0
DA:18,0
DA:19,0
DA:20,0
DA:21,16
DA:22,16
DA:23,16
DA:24,16
DA:25,0
DA:26,0
DA:27,0
DA:28,0
DA:29,0
DA:30,0
DA:31,0
DA:32,16
DA:33,16
DA:34,16
DA:35,16
DA:36,0
DA:37,0
DA:38,0
DA:39,0
DA:40,0
DA:41,0
DA:42,0
DA:43,16
DA:44,16
DA:45,16
DA:46,16
DA:47,0
DA:48,0
DA:49,0
DA:50,0
DA:51,0
DA:52,0
DA:53,0
DA:54,16
LF:54
LH:21
BRDA:1,0,0,16
BRF:1
BRH:1
end_of_record
TN:
SF:src\controllers\photoController.js
FN:4,exports.createPhoto
FN:16,exports.getPhotos
FN:26,exports.getPhotoById
FN:37,exports.updatePhoto
FN:48,exports.deletePhoto
FNF:5
FNH:0
FNDA:0,exports.createPhoto
FNDA:0,exports.getPhotos
FNDA:0,exports.getPhotoById
FNDA:0,exports.updatePhoto
FNDA:0,exports.deletePhoto
DA:1,16
DA:2,16
DA:3,16
DA:4,16
DA:5,0
DA:6,0
DA:7,0
DA:8,0
DA:9,0
DA:10,0
DA:11,0
DA:12,0
DA:13,16
DA:14,16
DA:15,16
DA:16,16
DA:17,0
DA:18,0
DA:19,0
DA:20,0
DA:21,0
DA:22,0
DA:23,16
DA:24,16
DA:25,16
DA:26,16
DA:27,0
DA:28,0
DA:29,0
DA:30,0
DA:31,0
DA:32,0
DA:33,0
DA:34,16
DA:35,16
DA:36,16
DA:37,16
DA:38,0
DA:39,0
DA:40,0
DA:41,0
DA:42,0
DA:43,0
DA:44,0
DA:45,16
DA:46,16
DA:47,16
DA:48,16
DA:49,0
DA:50,0
DA:51,0
DA:52,0
DA:53,0
DA:54,0
DA:55,0
DA:56,16
LF:56
LH:21
BRDA:1,0,0,16
BRF:1
BRH:1
end_of_record
TN:
SF:src\controllers\reservationController.js
FN:7,exports.getReservationsByBoat
FN:17,exports.createReservation
FN:113,exports.getReservations
FN:123,exports.getReservationById
FN:134,exports.updateReservationStatus
FN:158,exports.updateReservation
FN:232,exports.cancelReservation
FN:256,exports.deleteReservation
FN:267,exports.getMyReservations
FN:276,exports.getUserReservations
FN:286,exports.getOwnerReservations
FN:300,exports.addReview
FNF:12
FNH:0
FNDA:0,exports.getReservationsByBoat
FNDA:0,exports.createReservation
FNDA:0,exports.getReservations
FNDA:0,exports.getReservationById
FNDA:0,exports.updateReservationStatus
FNDA:0,exports.updateReservation
FNDA:0,exports.cancelReservation
FNDA:0,exports.deleteReservation
FNDA:0,exports.getMyReservations
FNDA:0,exports.getUserReservations
FNDA:0,exports.getOwnerReservations
FNDA:0,exports.addReview
DA:1,16
DA:2,16
DA:3,16
DA:4,16
DA:5,16
DA:6,16
DA:7,16
DA:8,0
DA:9,0
DA:10,0
DA:11,0
DA:12,0
DA:13,0
DA:14,16
DA:15,16
DA:16,16
DA:17,16
DA:18,0
DA:19,0
DA:20,0
DA:21,0
DA:22,0
DA:23,0
DA:24,0
DA:25,0
DA:26,0
DA:27,0
DA:28,0
DA:29,0
DA:30,0
DA:31,0
DA:32,0
DA:33,0
DA:34,0
DA:35,0
DA:36,0
DA:37,0
DA:38,0
DA:39,0
DA:40,0
DA:41,0
DA:42,0
DA:43,0
DA:44,0
DA:45,0
DA:46,0
DA:47,0
DA:48,0
DA:49,0
DA:50,0
DA:51,0
DA:52,0
DA:53,0
DA:54,0
DA:55,0
DA:56,0
DA:57,0
DA:58,0
DA:59,0
DA:60,0
DA:61,0
DA:62,0
DA:63,0
DA:64,0
DA:65,0
DA:66,0
DA:67,0
DA:68,0
DA:69,0
DA:70,0
DA:71,0
DA:72,0
DA:73,0
DA:74,0
DA:75,0
DA:76,0
DA:77,0
DA:78,0
DA:79,0
DA:80,0
DA:81,0
DA:82,0
DA:83,0
DA:84,0
DA:85,0
DA:86,0
DA:87,0
DA:88,0
DA:89,0
DA:90,0
DA:91,0
DA:92,0
DA:93,0
DA:94,0
DA:95,0
DA:96,0
DA:97,0
DA:98,0
DA:99,0
DA:100,0
DA:101,0
DA:102,0
DA:103,0
DA:104,0
DA:105,0
DA:106,0
DA:107,0
DA:108,0
DA:109,0
DA:110,16
DA:111,16
DA:112,16
DA:113,16
DA:114,0
DA:115,0
DA:116,0
DA:117,0
DA:118,0
DA:119,0
DA:120,16
DA:121,16
DA:122,16
DA:123,16
DA:124,0
DA:125,0
DA:126,0
DA:127,0
DA:128,0
DA:129,0
DA:130,0
DA:131,16
DA:132,16
DA:133,16
DA:134,16
DA:135,0
DA:136,0
DA:137,0
DA:138,0
DA:139,0
DA:140,0
DA:141,0
DA:142,0
DA:143,0
DA:144,0
DA:145,0
DA:146,0
DA:147,0
DA:148,0
DA:149,0
DA:150,0
DA:151,0
DA:152,0
DA:153,0
DA:154,0
DA:155,16
DA:156,16
DA:157,16
DA:158,16
DA:159,0
DA:160,0
DA:161,0
DA:162,0
DA:163,0
DA:164,0
DA:165,0
DA:166,0
DA:167,0
DA:168,0
DA:169,0
DA:170,0
DA:171,0
DA:172,0
DA:173,0
DA:174,0
DA:175,0
DA:176,0
DA:177,0
DA:178,0
DA:179,0
DA:180,0
DA:181,0
DA:182,0
DA:183,0
DA:184,0
DA:185,0
DA:186,0
DA:187,0
DA:188,0
DA:189,0
DA:190,0
DA:191,0
DA:192,0
DA:193,0
DA:194,0
DA:195,0
DA:196,0
DA:197,0
DA:198,0
DA:199,0
DA:200,0
DA:201,0
DA:202,0
DA:203,0
DA:204,0
DA:205,0
DA:206,0
DA:207,0
DA:208,0
DA:209,0
DA:210,0
DA:211,0
DA:212,0
DA:213,0
DA:214,0
DA:215,0
DA:216,0
DA:217,0
DA:218,0
DA:219,0
DA:220,0
DA:221,0
DA:222,0
DA:223,0
DA:224,0
DA:225,0
DA:226,0
DA:227,0
DA:228,0
DA:229,16
DA:230,16
DA:231,16
DA:232,16
DA:233,0
DA:234,0
DA:235,0
DA:236,0
DA:237,0
DA:238,0
DA:239,0
DA:240,0
DA:241,0
DA:242,0
DA:243,0
DA:244,0
DA:245,0
DA:246,0
DA:247,0
DA:248,0
DA:249,0
DA:250,0
DA:251,0
DA:252,0
DA:253,16
DA:254,16
DA:255,16
DA:256,16
DA:257,0
DA:258,0
DA:259,0
DA:260,0
DA:261,0
DA:262,0
DA:263,0
DA:264,16
DA:265,16
DA:266,16
DA:267,16
DA:268,0
DA:269,0
DA:270,0
DA:271,0
DA:272,0
DA:273,0
DA:274,16
DA:275,16
DA:276,16
DA:277,0
DA:278,0
DA:279,0
DA:280,0
DA:281,0
DA:282,0
DA:283,16
DA:284,16
DA:285,16
DA:286,16
DA:287,0
DA:288,0
DA:289,0
DA:290,0
DA:291,0
DA:292,0
DA:293,0
DA:294,0
DA:295,0
DA:296,0
DA:297,16
DA:298,16
DA:299,16
DA:300,16
DA:301,0
DA:302,0
DA:303,0
DA:304,0
DA:305,0
DA:306,0
DA:307,0
DA:308,0
DA:309,0
DA:310,0
DA:311,0
DA:312,0
DA:313,0
DA:314,0
DA:315,0
DA:316,0
DA:317,0
DA:318,0
DA:319,0
DA:320,0
DA:321,0
DA:322,0
DA:323,0
DA:324,0
DA:325,0
DA:326,0
DA:327,0
DA:328,0
DA:329,0
DA:330,0
DA:331,0
DA:332,0
DA:333,16
LF:333
LH:51
BRDA:1,0,0,16
BRF:1
BRH:1
end_of_record
TN:
SF:src\controllers\reviewController.js
FN:4,exports.createReview
FN:22,exports.getReviews
FN:59,exports.getMyReviews
FN:81,exports.getReviewById
FN:92,exports.updateReview
FN:103,exports.deleteReview
FN:114,exports.addOwnerResponse
FNF:7
FNH:0
FNDA:0,exports.createReview
FNDA:0,exports.getReviews
FNDA:0,exports.getMyReviews
FNDA:0,exports.getReviewById
FNDA:0,exports.updateReview
FNDA:0,exports.deleteReview
FNDA:0,exports.addOwnerResponse
DA:1,16
DA:2,16
DA:3,16
DA:4,16
DA:5,0
DA:6,0
DA:7,0
DA:8,0
DA:9,0
DA:10,0
DA:11,0
DA:12,0
DA:13,0
DA:14,0
DA:15,0
DA:16,0
DA:17,0
DA:18,0
DA:19,16
DA:20,16
DA:21,16
DA:22,16
DA:23,0
DA:24,0
DA:25,0
DA:26,0
DA:27,0
DA:28,0
DA:29,0
DA:30,0
DA:31,0
DA:32,0
DA:33,0
DA:34,0
DA:35,0
DA:36,0
DA:37,0
DA:38,0
DA:39,0
DA:40,0
DA:41,0
DA:42,0
DA:43,0
DA:44,0
DA:45,0
DA:46,0
DA:47,0
DA:48,0
DA:49,0
DA:50,0
DA:51,0
DA:52,0
DA:53,0
DA:54,0
DA:55,0
DA:56,16
DA:57,16
DA:58,16
DA:59,16
DA:60,0
DA:61,0
DA:62,0
DA:63,0
DA:64,0
DA:65,0
DA:66,0
DA:67,0
DA:68,0
DA:69,0
DA:70,0
DA:71,0
DA:72,0
DA:73,0
DA:74,0
DA:75,0
DA:76,0
DA:77,0
DA:78,16
DA:79,16
DA:80,16
DA:81,16
DA:82,0
DA:83,0
DA:84,0
DA:85,0
DA:86,0
DA:87,0
DA:88,0
DA:89,16
DA:90,16
DA:91,16
DA:92,16
DA:93,0
DA:94,0
DA:95,0
DA:96,0
DA:97,0
DA:98,0
DA:99,0
DA:100,16
DA:101,16
DA:102,16
DA:103,16
DA:104,0
DA:105,0
DA:106,0
DA:107,0
DA:108,0
DA:109,0
DA:110,0
DA:111,16
DA:112,16
DA:113,16
DA:114,16
DA:115,0
DA:116,0
DA:117,0
DA:118,0
DA:119,0
DA:120,0
DA:121,0
DA:122,0
DA:123,0
DA:124,0
DA:125,0
DA:126,0
DA:127,0
DA:128,0
DA:129,0
DA:130,0
DA:131,0
DA:132,0
DA:133,0
DA:134,0
DA:135,0
DA:136,0
DA:137,0
DA:138,0
DA:139,0
DA:140,0
DA:141,0
DA:142,0
DA:143,0
DA:144,0
DA:145,0
DA:146,0
DA:147,16
LF:147
LH:29
BRDA:1,0,0,16
BRF:1
BRH:1
end_of_record
TN:
SF:src\controllers\stripeController.js
FN:9,findById
FN:13,findByIdAndUpdate
FN:17,findOne
FN:22,create
FN:29,resolveStripe
FN:36,exports.createCheckoutSession
FN:87,exports.createReservationCheckoutSession
FN:156,exports.confirmPayment
FN:259,exports.webhook
FNF:9
FNH:5
FNDA:1,findById
FNDA:1,findByIdAndUpdate
FNDA:0,findOne
FNDA:1,create
FNDA:2,resolveStripe
FNDA:0,exports.createCheckoutSession
FNDA:0,exports.createReservationCheckoutSession
FNDA:2,exports.confirmPayment
FNDA:0,exports.webhook
DA:1,16
DA:2,16
DA:3,16
DA:4,16
DA:5,16
DA:6,16
DA:7,16
DA:8,16
DA:9,16
DA:10,1
DA:11,1
DA:12,16
DA:13,16
DA:14,1
DA:15,1
DA:16,16
DA:17,16
DA:18,0
DA:19,0
DA:20,16
DA:21,16
DA:22,16
DA:23,1
DA:24,1
DA:25,16
DA:26,16
DA:27,16
DA:28,16
DA:29,2
DA:30,2
DA:31,0
DA:32,2
DA:33,16
DA:34,16
DA:35,16
DA:36,16
DA:37,0
DA:38,0
DA:39,0
DA:40,0
DA:41,0
DA:42,0
DA:43,0
DA:44,0
DA:45,0
DA:46,0
DA:47,0
DA:48,0
DA:49,0
DA:50,0
DA:51,0
DA:52,0
DA:53,0
DA:54,0
DA:55,0
DA:56,0
DA:57,0
DA:58,0
DA:59,0
DA:60,0
DA:61,0
DA:62,0
DA:63,0
DA:64,0
DA:65,0
DA:66,0
DA:67,0
DA:68,0
DA:69,0
DA:70,0
DA:71,0
DA:72,0
DA:73,0
DA:74,0
DA:75,0
DA:76,0
DA:77,0
DA:78,0
DA:79,0
DA:80,0
DA:81,0
DA:82,0
DA:83,16
DA:84,16
DA:85,16
DA:86,16
DA:87,16
DA:88,0
DA:89,0
DA:90,0
DA:91,0
DA:92,0
DA:93,0
DA:94,0
DA:95,0
DA:96,0
DA:97,0
DA:98,0
DA:99,0
DA:100,0
DA:101,0
DA:102,0
DA:103,0
DA:104,0
DA:105,0
DA:106,0
DA:107,0
DA:108,0
DA:109,0
DA:110,0
DA:111,0
DA:112,0
DA:113,0
DA:114,0
DA:115,0
DA:116,0
DA:117,0
DA:118,0
DA:119,0
DA:120,0
DA:121,0
DA:122,0
DA:123,0
DA:124,0
DA:125,0
DA:126,0
DA:127,0
DA:128,0
DA:129,0
DA:130,0
DA:131,0
DA:132,0
DA:133,0
DA:134,0
DA:135,0
DA:136,0
DA:137,0
DA:138,0
DA:139,0
DA:140,0
DA:141,0
DA:142,0
DA:143,0
DA:144,0
DA:145,0
DA:146,0
DA:147,0
DA:148,0
DA:149,0
DA:150,0
DA:151,0
DA:152,0
DA:153,16
DA:154,16
DA:155,16
DA:156,16
DA:157,2
DA:158,2
DA:159,2
DA:160,2
DA:161,2
DA:162,2
DA:163,2
DA:164,1
DA:165,1
DA:166,1
DA:167,1
DA:168,1
DA:169,1
DA:170,1
DA:171,1
DA:172,1
DA:173,1
DA:174,1
DA:175,2
DA:176,0
DA:177,0
DA:178,1
DA:179,1
DA:180,1
DA:181,2
DA:182,0
DA:183,0
DA:184,1
DA:185,1
DA:186,2
DA:187,2
DA:188,0
DA:189,0
DA:190,0
DA:191,0
DA:192,0
DA:193,2
DA:194,0
DA:195,0
DA:196,0
DA:197,0
DA:198,2
DA:199,0
DA:200,0
DA:201,1
DA:202,1
DA:203,1
DA:204,1
DA:205,1
DA:206,1
DA:207,2
DA:208,2
DA:209,0
DA:210,0
DA:211,0
DA:212,0
DA:213,0
DA:214,0
DA:215,1
DA:216,1
DA:217,1
DA:218,1
DA:219,1
DA:220,1
DA:221,1
DA:222,1
DA:223,2
DA:224,2
DA:225,2
DA:226,2
DA:227,2
DA:228,2
DA:229,1
DA:230,1
DA:231,1
DA:232,1
DA:233,1
DA:234,1
DA:235,2
DA:236,2
DA:237,2
DA:238,2
DA:239,2
DA:240,2
DA:241,1
DA:242,1
DA:243,1
DA:244,1
DA:245,1
DA:246,1
DA:247,1
DA:248,1
DA:249,1
DA:250,1
DA:251,1
DA:252,2
DA:253,0
DA:254,0
DA:255,0
DA:256,16
DA:257,16
DA:258,16
DA:259,16
DA:260,0
DA:261,0
DA:262,0
DA:263,0
DA:264,0
DA:265,0
DA:266,0
DA:267,0
DA:268,0
DA:269,0
DA:270,0
DA:271,0
DA:272,0
DA:273,0
DA:274,0
DA:275,0
DA:276,0
DA:277,0
DA:278,0
DA:279,0
DA:280,0
DA:281,0
DA:282,0
DA:283,0
DA:284,0
DA:285,0
DA:286,0
DA:287,0
DA:288,0
DA:289,0
DA:290,0
DA:291,0
DA:292,0
DA:293,0
DA:294,0
DA:295,0
DA:296,0
DA:297,0
DA:298,0
DA:299,0
DA:300,0
DA:301,0
DA:302,0
DA:303,0
DA:304,0
DA:305,0
DA:306,0
DA:307,0
DA:308,0
DA:309,0
DA:310,0
DA:311,0
DA:312,0
DA:313,0
DA:314,0
DA:315,0
DA:316,0
DA:317,0
DA:318,0
DA:319,0
DA:320,0
DA:321,0
DA:322,0
DA:323,0
DA:324,0
DA:325,0
DA:326,0
DA:327,0
DA:328,0
DA:329,0
DA:330,0
DA:331,0
DA:332,0
DA:333,0
DA:334,0
DA:335,0
DA:336,0
DA:337,0
DA:338,0
DA:339,0
DA:340,0
DA:341,0
DA:342,0
DA:343,0
DA:344,0
DA:345,0
DA:346,0
DA:347,0
DA:348,0
DA:349,0
DA:350,0
DA:351,0
DA:352,0
DA:353,0
DA:354,0
DA:355,0
DA:356,0
DA:357,0
DA:358,0
DA:359,0
DA:360,0
DA:361,0
DA:362,0
DA:363,0
DA:364,0
DA:365,0
DA:366,0
DA:367,0
DA:368,0
DA:369,0
DA:370,0
DA:371,0
DA:372,0
DA:373,0
DA:374,0
DA:375,16
LF:375
LH:122
BRDA:1,0,0,16
BRDA:9,1,0,1
BRDA:11,2,0,0
BRDA:13,3,0,1
BRDA:15,4,0,0
BRDA:15,5,0,0
BRDA:22,6,0,1
BRDA:29,7,0,2
BRDA:31,8,0,0
BRDA:156,9,0,2
BRDA:163,10,0,1
BRDA:175,11,0,0
BRDA:178,12,0,1
BRDA:181,13,0,0
BRDA:184,14,0,1
BRDA:187,15,0,0
BRDA:187,16,0,0
BRDA:193,17,0,1
BRDA:193,18,0,0
BRDA:198,19,0,1
BRDA:198,20,0,0
BRDA:201,21,0,1
BRDA:207,22,0,0
BRDA:208,23,0,1
BRDA:208,24,0,0
BRDA:215,25,0,1
BRDA:223,26,0,0
BRDA:228,27,0,1
BRDA:228,28,0,0
BRDA:229,29,0,1
BRDA:235,30,0,0
BRDA:240,31,0,1
BRDA:240,32,0,0
BRDA:241,33,0,1
BRDA:252,34,0,0
BRF:35
BRH:18
end_of_record
TN:
SF:src\controllers\userController.js
FN:7,exports.getAllUsers
FN:17,exports.createUser
FN:30,exports.getUserById
FN:41,exports.updateProfile
FN:65,exports.updateUser
FN:79,exports.deleteUser
FN:91,exports.deleteMe
FNF:7
FNH:0
FNDA:0,exports.getAllUsers
FNDA:0,exports.createUser
FNDA:0,exports.getUserById
FNDA:0,exports.updateProfile
FNDA:0,exports.updateUser
FNDA:0,exports.deleteUser
FNDA:0,exports.deleteMe
DA:1,16
DA:2,16
DA:3,16
DA:4,16
DA:5,16
DA:6,16
DA:7,16
DA:8,0
DA:9,0
DA:10,0
DA:11,0
DA:12,0
DA:13,0
DA:14,16
DA:15,16
DA:16,16
DA:17,16
DA:18,0
DA:19,0
DA:20,0
DA:21,0
DA:22,0
DA:23,0
DA:24,0
DA:25,0
DA:26,0
DA:27,16
DA:28,16
DA:29,16
DA:30,16
DA:31,0
DA:32,0
DA:33,0
DA:34,0
DA:35,0
DA:36,0
DA:37,0
DA:38,16
DA:39,16
DA:40,16
DA:41,16
DA:42,0
DA:43,0
DA:44,0
DA:45,0
DA:46,0
DA:47,0
DA:48,0
DA:49,0
DA:50,0
DA:51,0
DA:52,0
DA:53,0
DA:54,0
DA:55,0
DA:56,0
DA:57,0
DA:58,0
DA:59,0
DA:60,0
DA:61,0
DA:62,16
DA:63,16
DA:64,16
DA:65,16
DA:66,0
DA:67,0
DA:68,0
DA:69,0
DA:70,0
DA:71,0
DA:72,0
DA:73,0
DA:74,0
DA:75,0
DA:76,16
DA:77,16
DA:78,16
DA:79,16
DA:80,0
DA:81,0
DA:82,0
DA:83,0
DA:84,0
DA:85,0
DA:86,0
DA:87,16
DA:88,16
DA:89,16
DA:90,16
DA:91,16
DA:92,0
DA:93,0
DA:94,0
DA:95,0
DA:96,0
DA:97,0
DA:98,0
DA:99,0
DA:100,0
DA:101,0
DA:102,0
DA:103,0
DA:104,0
DA:105,0
DA:106,0
DA:107,0
DA:108,0
DA:109,0
DA:110,0
DA:111,0
DA:112,0
DA:113,0
DA:114,0
DA:115,0
DA:116,0
DA:117,0
DA:118,0
DA:119,0
DA:120,0
DA:121,0
DA:122,0
DA:123,0
DA:124,0
DA:125,0
DA:126,0
DA:127,0
DA:128,0
DA:129,0
DA:130,0
DA:131,0
DA:132,0
DA:133,0
DA:134,0
DA:135,0
DA:136,0
DA:137,0
DA:138,0
DA:139,0
DA:140,0
DA:141,0
DA:142,0
DA:143,0
DA:144,0
DA:145,0
DA:146,0
DA:147,0
DA:148,0
DA:149,0
DA:150,16
LF:150
LH:33
BRDA:1,0,0,16
BRF:1
BRH:1
end_of_record
TN:
SF:src\middlewares\authMiddleware.js
FN:3,authMiddleware
FNF:1
FNH:1
FNDA:4,authMiddleware
DA:1,16
DA:2,16
DA:3,4
DA:4,4
DA:5,4
DA:6,4
DA:7,4
DA:8,4
DA:9,4
DA:10,4
DA:11,4
DA:12,4
DA:13,4
DA:14,4
DA:15,16
DA:16,16
LF:16
LH:16
BRDA:1,0,0,16
BRDA:3,1,0,4
BRDA:7,2,0,0
BRDA:9,3,0,4
BRDA:10,4,0,0
BRF:5
BRH:3
end_of_record
