TN:
SF:backend\src\controllers\authController.js
FN:7,exports.protect
FN:12,exports.protect
FN:37,exports.register
FN:41,exports.register
FN:123,exports.login
FN:129,exports.login
FN:167,exports.logout
FN:171,exports.logout
FN:178,exports.getCurrentUser
FNF:9
FNH:2
FNDA:0,exports.protect
FNDA:3,exports.protect
FNDA:0,exports.register
FNDA:0,exports.register
FNDA:0,exports.login
FNDA:0,exports.login
FNDA:0,exports.logout
FNDA:1,exports.logout
FNDA:0,exports.getCurrentUser
DA:1,15
DA:2,15
DA:3,15
DA:4,15
DA:5,15
DA:6,15
DA:7,15
DA:8,0
DA:9,0
DA:10,0
DA:11,0
DA:12,0
DA:13,3
DA:14,3
DA:15,3
DA:16,3
DA:17,2
DA:18,2
DA:19,3
DA:20,3
DA:21,3
DA:22,3
DA:23,3
DA:24,2
DA:25,2
DA:26,2
DA:27,2
DA:28,2
DA:29,2
DA:30,2
DA:31,3
DA:32,3
DA:33,0
DA:34,0
DA:35,0
DA:36,3
DA:37,1
DA:38,0
DA:39,0
DA:40,0
DA:41,0
DA:42,0
DA:43,0
DA:44,0
DA:45,0
DA:46,0
DA:47,0
DA:48,0
DA:49,0
DA:50,0
DA:51,0
DA:52,0
DA:53,0
DA:54,0
DA:55,0
DA:56,0
DA:57,0
DA:58,0
DA:59,0
DA:60,0
DA:61,0
DA:62,0
DA:63,0
DA:64,0
DA:65,0
DA:66,0
DA:67,0
DA:68,0
DA:69,0
DA:70,0
DA:71,0
DA:72,0
DA:73,0
DA:74,0
DA:75,0
DA:76,0
DA:77,0
DA:78,0
DA:79,0
DA:80,0
DA:81,0
DA:82,0
DA:83,0
DA:84,0
DA:85,0
DA:86,0
DA:87,0
DA:88,0
DA:89,0
DA:90,0
DA:91,0
DA:92,0
DA:93,0
DA:94,0
DA:95,0
DA:96,0
DA:97,0
DA:98,0
DA:99,0
DA:100,0
DA:101,0
DA:102,0
DA:103,0
DA:104,0
DA:105,0
DA:106,0
DA:107,0
DA:108,0
DA:109,0
DA:110,0
DA:111,0
DA:112,0
DA:113,0
DA:114,0
DA:115,0
DA:116,0
DA:117,0
DA:118,0
DA:119,0
DA:120,0
DA:121,0
DA:122,0
DA:123,0
DA:124,0
DA:125,0
DA:126,0
DA:127,0
DA:128,0
DA:129,0
DA:130,0
DA:131,0
DA:132,0
DA:133,0
DA:134,0
DA:135,0
DA:136,0
DA:137,0
DA:138,0
DA:139,0
DA:140,0
DA:141,0
DA:142,0
DA:143,0
DA:144,0
DA:145,0
DA:146,0
DA:147,0
DA:148,0
DA:149,0
DA:150,0
DA:151,0
DA:152,0
DA:153,0
DA:154,0
DA:155,0
DA:156,0
DA:157,0
DA:158,0
DA:159,0
DA:160,0
DA:161,0
DA:162,0
DA:163,0
DA:164,0
DA:165,0
DA:166,0
DA:167,0
DA:168,0
DA:169,0
DA:170,0
DA:171,0
DA:172,1
DA:173,1
DA:174,1
DA:175,1
DA:176,1
DA:177,1
DA:178,1
DA:179,0
DA:180,0
DA:181,0
DA:182,0
DA:183,0
DA:184,0
DA:185,0
DA:186,0
DA:187,0
DA:188,0
DA:189,1
DA:190,1
DA:191,1
LF:191
LH:39
BRDA:1,0,0,15
BRDA:12,1,0,3
BRDA:16,2,0,2
BRDA:19,3,0,2
BRDA:22,4,0,1
BRDA:23,5,0,2
BRDA:31,6,0,1
BRDA:32,7,0,0
BRDA:36,8,0,1
BRDA:171,9,0,1
BRDA:180,10,0,0
BRF:11
BRH:9
end_of_record
TN:
SF:backend\src\controllers\boatController.js
FN:5,exports.createBoat
FN:19,exports.getBoats
FN:66,exports.getAvailableBoats
FN:107,hasAvailableDays
FN:170,overlaps
FN:171,toDay
FN:212,exports.getUserBoats
FN:222,exports.getBoatById
FN:235,exports.updateBoat
FN:246,exports.deleteBoat
FNF:10
FNH:9
FNDA:2,exports.createBoat
FNDA:1,exports.getBoats
FNDA:2,exports.getAvailableBoats
FNDA:2,hasAvailableDays
FNDA:0,overlaps
FNDA:3,toDay
FNDA:1,exports.getUserBoats
FNDA:2,exports.getBoatById
FNDA:2,exports.updateBoat
FNDA:2,exports.deleteBoat
DA:1,15
DA:2,15
DA:3,15
DA:4,15
DA:5,15
DA:6,2
DA:7,2
DA:8,2
DA:9,2
DA:10,2
DA:11,2
DA:12,1
DA:13,1
DA:14,1
DA:15,1
DA:16,15
DA:17,15
DA:18,15
DA:19,15
DA:20,1
DA:21,1
DA:22,1
DA:23,1
DA:24,0
DA:25,0
DA:26,1
DA:27,0
DA:28,0
DA:29,1
DA:30,0
DA:31,0
DA:32,0
DA:33,0
DA:34,1
DA:35,0
DA:36,0
DA:37,1
DA:38,0
DA:39,0
DA:40,1
DA:41,0
DA:42,0
DA:43,0
DA:44,0
DA:45,1
DA:46,0
DA:47,0
DA:48,0
DA:49,0
DA:50,1
DA:51,0
DA:52,0
DA:53,1
DA:54,1
DA:55,1
DA:56,1
DA:57,1
DA:58,1
DA:59,1
DA:60,1
DA:61,0
DA:62,0
DA:63,15
DA:64,15
DA:65,15
DA:66,15
DA:67,2
DA:68,2
DA:69,2
DA:70,2
DA:71,1
DA:72,1
DA:73,1
DA:74,1
DA:75,1
DA:76,2
DA:77,0
DA:78,0
DA:79,1
DA:80,1
DA:81,1
DA:82,1
DA:83,1
DA:84,1
DA:85,1
DA:86,1
DA:87,1
DA:88,1
DA:89,1
DA:90,1
DA:91,1
DA:92,1
DA:93,1
DA:94,1
DA:95,1
DA:96,1
DA:97,1
DA:98,1
DA:99,0
DA:100,0
DA:101,0
DA:102,1
DA:103,1
DA:104,1
DA:105,1
DA:106,1
DA:107,1
DA:108,2
DA:109,2
DA:110,2
DA:111,2
DA:112,2
DA:113,2
DA:114,2
DA:115,6
DA:116,6
DA:117,6
DA:118,2
DA:119,2
DA:120,2
DA:121,2
DA:122,2
DA:123,2
DA:124,2
DA:125,0
DA:126,0
DA:127,0
DA:128,0
DA:129,0
DA:130,0
DA:131,0
DA:132,2
DA:133,2
DA:134,2
DA:135,2
DA:136,2
DA:137,2
DA:138,2
DA:139,2
DA:140,1
DA:141,0
DA:142,0
DA:143,1
DA:144,0
DA:145,0
DA:146,0
DA:147,0
DA:148,0
DA:149,0
DA:150,0
DA:151,0
DA:152,0
DA:153,0
DA:154,0
DA:155,0
DA:156,1
DA:157,2
DA:158,2
DA:159,2
DA:160,2
DA:161,2
DA:162,2
DA:163,0
DA:164,0
DA:165,1
DA:166,1
DA:167,1
DA:168,1
DA:169,1
DA:170,1
DA:171,1
DA:172,1
DA:173,1
DA:174,1
DA:175,2
DA:176,2
DA:177,2
DA:178,2
DA:179,2
DA:180,2
DA:181,2
DA:182,2
DA:183,2
DA:184,1
DA:185,1
DA:186,1
DA:187,1
DA:188,1
DA:189,0
DA:190,0
DA:191,0
DA:192,0
DA:193,0
DA:194,0
DA:195,0
DA:196,0
DA:197,0
DA:198,1
DA:199,1
DA:200,2
DA:201,1
DA:202,1
DA:203,1
DA:204,1
DA:205,1
DA:206,0
DA:207,0
DA:208,0
DA:209,15
DA:210,15
DA:211,15
DA:212,15
DA:213,1
DA:214,1
DA:215,1
DA:216,1
DA:217,0
DA:218,0
DA:219,15
DA:220,15
DA:221,15
DA:222,15
DA:223,2
DA:224,2
DA:225,2
DA:226,1
DA:227,1
DA:228,1
DA:229,2
DA:230,0
DA:231,0
DA:232,15
DA:233,15
DA:234,15
DA:235,15
DA:236,2
DA:237,2
DA:238,2
DA:239,1
DA:240,2
DA:241,0
DA:242,0
DA:243,15
DA:244,15
DA:245,15
DA:246,15
DA:247,2
DA:248,2
DA:249,2
DA:250,1
DA:251,2
DA:252,0
DA:253,0
DA:254,15
LF:254
LH:182
BRDA:1,0,0,15
BRDA:5,1,0,2
BRDA:12,2,0,1
BRDA:19,3,0,1
BRDA:23,4,0,0
BRDA:26,5,0,0
BRDA:29,6,0,0
BRDA:34,7,0,0
BRDA:37,8,0,0
BRDA:40,9,0,0
BRDA:45,10,0,0
BRDA:50,11,0,0
BRDA:60,12,0,0
BRDA:66,13,0,2
BRDA:70,14,0,1
BRDA:70,15,0,1
BRDA:76,16,0,1
BRDA:76,17,0,1
BRDA:76,18,0,0
BRDA:82,19,0,0
BRDA:83,20,0,0
BRDA:84,21,0,0
BRDA:85,22,0,0
BRDA:205,23,0,0
BRDA:107,24,0,2
BRDA:114,25,0,6
BRDA:124,26,0,0
BRDA:139,27,0,1
BRDA:140,28,0,0
BRDA:143,29,0,0
BRDA:163,30,0,0
BRDA:171,31,0,3
BRDA:174,32,0,2
BRDA:176,33,0,0
BRDA:183,34,0,1
BRDA:188,35,0,0
BRDA:200,36,0,0
BRDA:201,37,0,1
BRDA:212,38,0,1
BRDA:216,39,0,0
BRDA:222,40,0,2
BRDA:225,41,0,1
BRDA:229,42,0,0
BRDA:235,43,0,2
BRDA:238,44,0,1
BRDA:240,45,0,0
BRDA:246,46,0,2
BRDA:249,47,0,1
BRDA:251,48,0,0
BRF:49
BRH:23
end_of_record
TN:
SF:backend\src\controllers\contractualDocumentController.js
FN:10,multer
FN:12,single
FN:15,multer.memoryStorage
FN:26,uuidv4
FN:35,fileFilter
FN:49,exports.uploadDocument
FN:136,exports.getUserDocuments
FN:149,exports.deleteDocument
FN:183,exports.uploadDocumentFromUrl
FNF:9
FNH:6
FNDA:15,multer
FNDA:30,single
FNDA:15,multer.memoryStorage
FNDA:0,uuidv4
FNDA:0,fileFilter
FNDA:0,exports.uploadDocument
FNDA:1,exports.getUserDocuments
FNDA:2,exports.deleteDocument
FNDA:1,exports.uploadDocumentFromUrl
DA:1,15
DA:2,15
DA:3,15
DA:4,15
DA:5,15
DA:6,15
DA:7,15
DA:8,15
DA:9,15
DA:10,15
DA:11,15
DA:12,15
DA:13,15
DA:14,15
DA:15,15
DA:16,15
DA:17,0
DA:18,0
DA:19,15
DA:20,15
DA:21,15
DA:22,15
DA:23,15
DA:24,15
DA:25,15
DA:26,15
DA:27,15
DA:28,15
DA:29,15
DA:30,15
DA:31,15
DA:32,15
DA:33,15
DA:34,15
DA:35,15
DA:36,0
DA:37,0
DA:38,0
DA:39,0
DA:40,0
DA:41,0
DA:42,0
DA:43,15
DA:44,15
DA:45,15
DA:46,15
DA:47,15
DA:48,15
DA:49,15
DA:50,0
DA:51,0
DA:52,0
DA:53,0
DA:54,0
DA:55,0
DA:56,0
DA:57,0
DA:58,0
DA:59,0
DA:60,0
DA:61,0
DA:62,0
DA:63,0
DA:64,0
DA:65,0
DA:66,0
DA:67,0
DA:68,0
DA:69,0
DA:70,0
DA:71,0
DA:72,0
DA:73,0
DA:74,0
DA:75,0
DA:76,0
DA:77,0
DA:78,0
DA:79,0
DA:80,0
DA:81,0
DA:82,0
DA:83,0
DA:84,0
DA:85,0
DA:86,0
DA:87,0
DA:88,0
DA:89,0
DA:90,0
DA:91,0
DA:92,0
DA:93,0
DA:94,0
DA:95,0
DA:96,0
DA:97,0
DA:98,0
DA:99,0
DA:100,0
DA:101,0
DA:102,0
DA:103,0
DA:104,0
DA:105,0
DA:106,0
DA:107,0
DA:108,0
DA:109,0
DA:110,0
DA:111,0
DA:112,0
DA:113,0
DA:114,0
DA:115,0
DA:116,0
DA:117,0
DA:118,0
DA:119,0
DA:120,0
DA:121,0
DA:122,0
DA:123,0
DA:124,0
DA:125,0
DA:126,0
DA:127,0
DA:128,0
DA:129,0
DA:130,0
DA:131,0
DA:132,0
DA:133,15
DA:134,15
DA:135,15
DA:136,15
DA:137,1
DA:138,1
DA:139,1
DA:140,1
DA:141,1
DA:142,1
DA:143,1
DA:144,0
DA:145,0
DA:146,15
DA:147,15
DA:148,15
DA:149,15
DA:150,2
DA:151,2
DA:152,2
DA:153,2
DA:154,2
DA:155,2
DA:156,2
DA:157,2
DA:158,1
DA:159,1
DA:160,1
DA:161,1
DA:162,1
DA:163,1
DA:164,1
DA:165,2
DA:166,1
DA:167,1
DA:168,1
DA:169,1
DA:170,1
DA:171,1
DA:172,2
DA:173,0
DA:174,0
DA:175,15
DA:176,15
DA:177,15
DA:178,15
DA:179,15
DA:180,15
DA:181,15
DA:182,15
DA:183,15
DA:184,1
DA:185,1
DA:186,1
DA:187,1
DA:188,1
DA:189,1
DA:190,1
DA:191,0
DA:192,0
DA:193,1
DA:194,0
DA:195,0
DA:196,1
DA:197,1
DA:198,1
DA:199,1
DA:200,1
DA:201,1
DA:202,1
DA:203,1
DA:204,1
DA:205,1
DA:206,1
DA:207,1
DA:208,1
DA:209,1
DA:210,1
DA:211,1
DA:212,1
DA:213,1
DA:214,1
DA:215,0
DA:216,0
DA:217,0
DA:218,15
LF:218
LH:115
BRDA:1,0,0,15
BRDA:16,1,0,0
BRDA:10,2,0,15
BRDA:12,3,0,30
BRDA:15,4,0,15
BRDA:136,5,0,1
BRDA:138,6,0,0
BRDA:139,7,0,0
BRDA:143,8,0,0
BRDA:149,9,0,2
BRDA:151,10,0,0
BRDA:154,11,0,0
BRDA:157,12,0,1
BRDA:165,13,0,0
BRDA:165,14,0,1
BRDA:172,15,0,0
BRDA:183,16,0,1
BRDA:185,17,0,0
BRDA:186,18,0,0
BRDA:190,19,0,0
BRDA:193,20,0,0
BRDA:205,21,0,0
BRDA:206,22,0,0
BRDA:207,23,0,0
BRDA:214,24,0,0
BRF:25
BRH:9
end_of_record
TN:
SF:backend\src\controllers\favoriteController.js
FN:4,exports.getFavorites
FN:14,exports.addFavorite
FN:28,exports.removeFavorite
FNF:3
FNH:3
FNDA:1,exports.getFavorites
FNDA:1,exports.addFavorite
FNDA:1,exports.removeFavorite
DA:1,15
DA:2,15
DA:3,15
DA:4,15
DA:5,1
DA:6,1
DA:7,1
DA:8,1
DA:9,1
DA:10,0
DA:11,0
DA:12,15
DA:13,15
DA:14,15
DA:15,1
DA:16,1
DA:17,1
DA:18,1
DA:19,1
DA:20,1
DA:21,1
DA:22,1
DA:23,1
DA:24,0
DA:25,0
DA:26,15
DA:27,15
DA:28,15
DA:29,1
DA:30,1
DA:31,1
DA:32,1
DA:33,1
DA:34,1
DA:35,1
DA:36,1
DA:37,1
DA:38,0
DA:39,0
DA:40,15
LF:40
LH:34
BRDA:1,0,0,15
BRDA:4,1,0,1
BRDA:7,2,0,0
BRDA:9,3,0,0
BRDA:14,4,0,1
BRDA:21,5,0,0
BRDA:23,6,0,0
BRDA:28,7,0,1
BRDA:35,8,0,0
BRDA:37,9,0,0
BRF:10
BRH:4
end_of_record
TN:
SF:backend\src\controllers\reservationController.js
FN:7,exports.getReservationsByBoat
FN:17,exports.createReservation
FN:113,exports.getReservations
FN:123,exports.getReservationById
FN:134,exports.updateReservationStatus
FN:158,exports.updateReservation
FN:232,exports.cancelReservation
FN:256,exports.deleteReservation
FN:267,exports.getMyReservations
FN:276,exports.getUserReservations
FN:286,exports.getOwnerReservations
FN:300,exports.addReview
FNF:12
FNH:9
FNDA:1,exports.getReservationsByBoat
FNDA:0,exports.createReservation
FNDA:1,exports.getReservations
FNDA:2,exports.getReservationById
FNDA:3,exports.updateReservationStatus
FNDA:2,exports.updateReservation
FNDA:2,exports.cancelReservation
FNDA:0,exports.deleteReservation
FNDA:0,exports.getMyReservations
FNDA:1,exports.getUserReservations
FNDA:1,exports.getOwnerReservations
FNDA:1,exports.addReview
DA:1,15
DA:2,15
DA:3,15
DA:4,15
DA:5,15
DA:6,15
DA:7,15
DA:8,1
DA:9,1
DA:10,1
DA:11,1
DA:12,0
DA:13,0
DA:14,15
DA:15,15
DA:16,15
DA:17,15
DA:18,0
DA:19,0
DA:20,0
DA:21,0
DA:22,0
DA:23,0
DA:24,0
DA:25,0
DA:26,0
DA:27,0
DA:28,0
DA:29,0
DA:30,0
DA:31,0
DA:32,0
DA:33,0
DA:34,0
DA:35,0
DA:36,0
DA:37,0
DA:38,0
DA:39,0
DA:40,0
DA:41,0
DA:42,0
DA:43,0
DA:44,0
DA:45,0
DA:46,0
DA:47,0
DA:48,0
DA:49,0
DA:50,0
DA:51,0
DA:52,0
DA:53,0
DA:54,0
DA:55,0
DA:56,0
DA:57,0
DA:58,0
DA:59,0
DA:60,0
DA:61,0
DA:62,0
DA:63,0
DA:64,0
DA:65,0
DA:66,0
DA:67,0
DA:68,0
DA:69,0
DA:70,0
DA:71,0
DA:72,0
DA:73,0
DA:74,0
DA:75,0
DA:76,0
DA:77,0
DA:78,0
DA:79,0
DA:80,0
DA:81,0
DA:82,0
DA:83,0
DA:84,0
DA:85,0
DA:86,0
DA:87,0
DA:88,0
DA:89,0
DA:90,0
DA:91,0
DA:92,0
DA:93,0
DA:94,0
DA:95,0
DA:96,0
DA:97,0
DA:98,0
DA:99,0
DA:100,0
DA:101,0
DA:102,0
DA:103,0
DA:104,0
DA:105,0
DA:106,0
DA:107,0
DA:108,0
DA:109,0
DA:110,15
DA:111,15
DA:112,15
DA:113,15
DA:114,1
DA:115,1
DA:116,1
DA:117,1
DA:118,0
DA:119,0
DA:120,15
DA:121,15
DA:122,15
DA:123,15
DA:124,2
DA:125,2
DA:126,2
DA:127,1
DA:128,2
DA:129,0
DA:130,0
DA:131,15
DA:132,15
DA:133,15
DA:134,15
DA:135,3
DA:136,3
DA:137,3
DA:138,3
DA:139,3
DA:140,1
DA:141,1
DA:142,2
DA:143,2
DA:144,2
DA:145,3
DA:146,1
DA:147,1
DA:148,1
DA:149,1
DA:150,1
DA:151,1
DA:152,3
DA:153,0
DA:154,0
DA:155,15
DA:156,15
DA:157,15
DA:158,15
DA:159,2
DA:160,2
DA:161,2
DA:162,2
DA:163,2
DA:164,2
DA:165,2
DA:166,2
DA:167,0
DA:168,0
DA:169,2
DA:170,2
DA:171,2
DA:172,2
DA:173,2
DA:174,0
DA:175,0
DA:176,2
DA:177,2
DA:178,2
DA:179,2
DA:180,2
DA:181,2
DA:182,0
DA:183,0
DA:184,2
DA:185,2
DA:186,2
DA:187,2
DA:188,2
DA:189,2
DA:190,2
DA:191,2
DA:192,2
DA:193,2
DA:194,2
DA:195,2
DA:196,2
DA:197,2
DA:198,2
DA:199,1
DA:200,1
DA:201,1
DA:202,1
DA:203,1
DA:204,1
DA:205,1
DA:206,1
DA:207,1
DA:208,1
DA:209,1
DA:210,1
DA:211,1
DA:212,1
DA:213,0
DA:214,0
DA:215,0
DA:216,0
DA:217,0
DA:218,0
DA:219,0
DA:220,0
DA:221,0
DA:222,2
DA:223,2
DA:224,2
DA:225,0
DA:226,2
DA:227,1
DA:228,1
DA:229,15
DA:230,15
DA:231,15
DA:232,15
DA:233,2
DA:234,2
DA:235,2
DA:236,2
DA:237,2
DA:238,0
DA:239,0
DA:240,2
DA:241,2
DA:242,2
DA:243,1
DA:244,1
DA:245,1
DA:246,1
DA:247,1
DA:248,1
DA:249,1
DA:250,2
DA:251,0
DA:252,0
DA:253,15
DA:254,15
DA:255,15
DA:256,15
DA:257,0
DA:258,0
DA:259,0
DA:260,0
DA:261,0
DA:262,0
DA:263,0
DA:264,15
DA:265,15
DA:266,15
DA:267,15
DA:268,0
DA:269,0
DA:270,0
DA:271,0
DA:272,0
DA:273,0
DA:274,15
DA:275,15
DA:276,15
DA:277,1
DA:278,1
DA:279,1
DA:280,1
DA:281,0
DA:282,0
DA:283,15
DA:284,15
DA:285,15
DA:286,15
DA:287,1
DA:288,1
DA:289,1
DA:290,1
DA:291,1
DA:292,1
DA:293,1
DA:294,1
DA:295,0
DA:296,0
DA:297,15
DA:298,15
DA:299,15
DA:300,15
DA:301,1
DA:302,1
DA:303,1
DA:304,1
DA:305,1
DA:306,0
DA:307,0
DA:308,1
DA:309,1
DA:310,1
DA:311,0
DA:312,0
DA:313,1
DA:314,1
DA:315,1
DA:316,1
DA:317,1
DA:318,0
DA:319,0
DA:320,0
DA:321,0
DA:322,0
DA:323,0
DA:324,0
DA:325,0
DA:326,0
DA:327,0
DA:328,0
DA:329,0
DA:330,0
DA:331,0
DA:332,0
DA:333,15
LF:333
LH:177
BRDA:1,0,0,15
BRDA:7,1,0,1
BRDA:11,2,0,0
BRDA:113,3,0,1
BRDA:117,4,0,0
BRDA:123,5,0,2
BRDA:126,6,0,1
BRDA:128,7,0,0
BRDA:134,8,0,3
BRDA:139,9,0,1
BRDA:142,10,0,2
BRDA:145,11,0,1
BRDA:145,12,0,1
BRDA:152,13,0,0
BRDA:158,14,0,2
BRDA:162,15,0,0
BRDA:166,16,0,0
BRDA:166,17,0,0
BRDA:171,18,0,0
BRDA:172,19,0,0
BRDA:173,20,0,0
BRDA:179,21,0,0
BRDA:181,22,0,0
BRDA:198,23,0,1
BRDA:213,24,0,0
BRDA:225,25,0,0
BRDA:226,26,0,1
BRDA:232,27,0,2
BRDA:237,28,0,0
BRDA:242,29,0,1
BRDA:250,30,0,0
BRDA:276,31,0,1
BRDA:280,32,0,0
BRDA:286,33,0,1
BRDA:294,34,0,0
BRDA:289,35,0,2
BRDA:300,36,0,1
BRDA:305,37,0,0
BRDA:310,38,0,0
BRDA:318,39,0,0
BRF:40
BRH:19
end_of_record
TN:
SF:backend\src\controllers\reviewController.js
FN:4,exports.createReview
FN:22,exports.getReviews
FN:59,exports.getMyReviews
FN:81,exports.getReviewById
FN:92,exports.updateReview
FN:103,exports.deleteReview
FN:114,exports.addOwnerResponse
FNF:7
FNH:7
FNDA:2,exports.createReview
FNDA:1,exports.getReviews
FNDA:1,exports.getMyReviews
FNDA:2,exports.getReviewById
FNDA:2,exports.updateReview
FNDA:2,exports.deleteReview
FNDA:1,exports.addOwnerResponse
DA:1,15
DA:2,15
DA:3,15
DA:4,15
DA:5,2
DA:6,2
DA:7,1
DA:8,1
DA:9,1
DA:10,1
DA:11,1
DA:12,1
DA:13,0
DA:14,1
DA:15,0
DA:16,0
DA:17,0
DA:18,0
DA:19,15
DA:20,15
DA:21,15
DA:22,15
DA:23,1
DA:24,1
DA:25,1
DA:26,1
DA:27,1
DA:28,1
DA:29,1
DA:30,1
DA:31,1
DA:32,1
DA:33,1
DA:34,1
DA:35,1
DA:36,1
DA:37,1
DA:38,1
DA:39,1
DA:40,1
DA:41,1
DA:42,1
DA:43,1
DA:44,1
DA:45,1
DA:46,1
DA:47,1
DA:48,1
DA:49,0
DA:50,0
DA:51,1
DA:52,1
DA:53,1
DA:54,0
DA:55,0
DA:56,15
DA:57,15
DA:58,15
DA:59,15
DA:60,1
DA:61,1
DA:62,1
DA:63,1
DA:64,1
DA:65,1
DA:66,1
DA:67,1
DA:68,1
DA:69,1
DA:70,1
DA:71,1
DA:72,1
DA:73,1
DA:74,1
DA:75,1
DA:76,0
DA:77,0
DA:78,15
DA:79,15
DA:80,15
DA:81,15
DA:82,2
DA:83,2
DA:84,2
DA:85,1
DA:86,2
DA:87,0
DA:88,0
DA:89,15
DA:90,15
DA:91,15
DA:92,15
DA:93,2
DA:94,2
DA:95,2
DA:96,1
DA:97,2
DA:98,0
DA:99,0
DA:100,15
DA:101,15
DA:102,15
DA:103,15
DA:104,2
DA:105,2
DA:106,2
DA:107,1
DA:108,2
DA:109,0
DA:110,0
DA:111,15
DA:112,15
DA:113,15
DA:114,15
DA:115,1
DA:116,1
DA:117,1
DA:118,1
DA:119,1
DA:120,1
DA:121,1
DA:122,1
DA:123,1
DA:124,1
DA:125,1
DA:126,1
DA:127,1
DA:128,1
DA:129,1
DA:130,1
DA:131,1
DA:132,1
DA:133,1
DA:134,1
DA:135,1
DA:136,1
DA:137,1
DA:138,1
DA:139,1
DA:140,1
DA:141,1
DA:142,1
DA:143,1
DA:144,1
DA:145,0
DA:146,0
DA:147,15
LF:147
LH:128
BRDA:1,0,0,15
BRDA:4,1,0,2
BRDA:7,2,0,1
BRDA:10,3,0,0
BRDA:13,4,0,0
BRDA:14,5,0,0
BRDA:22,6,0,1
BRDA:28,7,0,0
BRDA:48,8,0,0
BRDA:53,9,0,0
BRDA:44,10,0,2
BRDA:59,11,0,1
BRDA:61,12,0,0
BRDA:62,13,0,0
BRDA:75,14,0,0
BRDA:81,15,0,2
BRDA:84,16,0,1
BRDA:86,17,0,0
BRDA:92,18,0,2
BRDA:95,19,0,1
BRDA:97,20,0,0
BRDA:103,21,0,2
BRDA:106,22,0,1
BRDA:108,23,0,0
BRDA:114,24,0,1
BRDA:118,25,0,0
BRDA:119,26,0,0
BRDA:120,27,0,0
BRDA:123,28,0,0
BRDA:143,29,0,0
BRDA:144,30,0,0
BRF:31
BRH:13
end_of_record
TN:
SF:backend\src\controllers\stripeController.js
FN:6,getStripe
FN:19,exports.createCheckoutSession
FN:69,exports.createReservationCheckoutSession
FN:137,exports.confirmPayment
FN:215,exports.webhook
FNF:5
FNH:4
FNDA:3,getStripe
FNDA:1,exports.createCheckoutSession
FNDA:1,exports.createReservationCheckoutSession
FNDA:1,exports.confirmPayment
FNDA:0,exports.webhook
DA:1,15
DA:2,15
DA:3,15
DA:4,15
DA:5,15
DA:6,15
DA:7,3
DA:8,3
DA:9,0
DA:10,0
DA:11,0
DA:12,0
DA:13,0
DA:14,0
DA:15,15
DA:16,15
DA:17,15
DA:18,15
DA:19,15
DA:20,1
DA:21,1
DA:22,0
DA:23,0
DA:24,0
DA:25,1
DA:26,0
DA:27,0
DA:28,1
DA:29,1
DA:30,1
DA:31,0
DA:32,0
DA:33,1
DA:34,1
DA:35,1
DA:36,1
DA:37,1
DA:38,1
DA:39,1
DA:40,1
DA:41,1
DA:42,1
DA:43,1
DA:44,1
DA:45,1
DA:46,1
DA:47,1
DA:48,1
DA:49,1
DA:50,1
DA:51,1
DA:52,1
DA:53,1
DA:54,1
DA:55,1
DA:56,1
DA:57,1
DA:58,1
DA:59,1
DA:60,1
DA:61,1
DA:62,0
DA:63,0
DA:64,0
DA:65,15
DA:66,15
DA:67,15
DA:68,15
DA:69,15
DA:70,1
DA:71,1
DA:72,0
DA:73,0
DA:74,0
DA:75,1
DA:76,0
DA:77,0
DA:78,1
DA:79,1
DA:80,1
DA:81,0
DA:82,0
DA:83,1
DA:84,1
DA:85,1
DA:86,1
DA:87,0
DA:88,0
DA:89,1
DA:90,1
DA:91,1
DA:92,1
DA:93,1
DA:94,1
DA:95,1
DA:96,1
DA:97,1
DA:98,1
DA:99,1
DA:100,1
DA:101,1
DA:102,1
DA:103,1
DA:104,1
DA:105,1
DA:106,1
DA:107,1
DA:108,1
DA:109,1
DA:110,1
DA:111,1
DA:112,1
DA:113,1
DA:114,1
DA:115,1
DA:116,1
DA:117,1
DA:118,1
DA:119,1
DA:120,1
DA:121,1
DA:122,1
DA:123,1
DA:124,1
DA:125,1
DA:126,1
DA:127,1
DA:128,1
DA:129,1
DA:130,1
DA:131,0
DA:132,0
DA:133,0
DA:134,15
DA:135,15
DA:136,15
DA:137,15
DA:138,1
DA:139,1
DA:140,1
DA:141,1
DA:142,1
DA:143,1
DA:144,1
DA:145,0
DA:146,0
DA:147,1
DA:148,1
DA:149,1
DA:150,1
DA:151,0
DA:152,0
DA:153,0
DA:154,0
DA:155,0
DA:156,1
DA:157,0
DA:158,0
DA:159,0
DA:160,0
DA:161,1
DA:162,0
DA:163,0
DA:164,1
DA:165,1
DA:166,1
DA:167,1
DA:168,1
DA:169,0
DA:170,0
DA:171,0
DA:172,0
DA:173,0
DA:174,0
DA:175,1
DA:176,1
DA:177,1
DA:178,1
DA:179,1
DA:180,1
DA:181,1
DA:182,1
DA:183,1
DA:184,1
DA:185,1
DA:186,1
DA:187,1
DA:188,1
DA:189,1
DA:190,1
DA:191,1
DA:192,1
DA:193,1
DA:194,1
DA:195,1
DA:196,1
DA:197,1
DA:198,1
DA:199,1
DA:200,1
DA:201,1
DA:202,1
DA:203,1
DA:204,1
DA:205,1
DA:206,1
DA:207,1
DA:208,1
DA:209,0
DA:210,0
DA:211,0
DA:212,15
DA:213,15
DA:214,15
DA:215,15
DA:216,0
DA:217,0
DA:218,0
DA:219,0
DA:220,0
DA:221,0
DA:222,0
DA:223,0
DA:224,0
DA:225,0
DA:226,0
DA:227,0
DA:228,0
DA:229,0
DA:230,0
DA:231,0
DA:232,0
DA:233,0
DA:234,0
DA:235,0
DA:236,0
DA:237,0
DA:238,0
DA:239,0
DA:240,0
DA:241,0
DA:242,0
DA:243,0
DA:244,0
DA:245,0
DA:246,0
DA:247,0
DA:248,0
DA:249,0
DA:250,0
DA:251,0
DA:252,0
DA:253,0
DA:254,0
DA:255,0
DA:256,0
DA:257,0
DA:258,0
DA:259,0
DA:260,0
DA:261,0
DA:262,0
DA:263,0
DA:264,0
DA:265,0
DA:266,0
DA:267,0
DA:268,0
DA:269,0
DA:270,0
DA:271,0
DA:272,0
DA:273,0
DA:274,0
DA:275,0
DA:276,0
DA:277,0
DA:278,0
DA:279,0
DA:280,0
DA:281,0
DA:282,0
DA:283,0
DA:284,0
DA:285,0
DA:286,0
DA:287,0
DA:288,0
DA:289,0
DA:290,0
DA:291,0
DA:292,0
DA:293,0
DA:294,0
DA:295,0
DA:296,0
DA:297,0
DA:298,0
DA:299,0
DA:300,0
DA:301,0
DA:302,0
DA:303,0
DA:304,0
DA:305,0
DA:306,0
DA:307,0
DA:308,0
DA:309,0
DA:310,0
DA:311,0
DA:312,0
DA:313,0
DA:314,0
DA:315,0
DA:316,0
DA:317,0
DA:318,0
DA:319,0
DA:320,0
DA:321,0
DA:322,0
DA:323,0
DA:324,0
DA:325,0
DA:326,0
DA:327,0
DA:328,0
DA:329,0
DA:330,15
LF:330
LH:166
BRDA:1,0,0,15
BRDA:6,1,0,3
BRDA:7,2,0,0
BRDA:9,3,0,0
BRDA:19,4,0,1
BRDA:21,5,0,0
BRDA:25,6,0,0
BRDA:28,7,0,0
BRDA:30,8,0,0
BRDA:35,9,0,0
BRDA:36,10,0,0
BRDA:61,11,0,0
BRDA:69,12,0,1
BRDA:71,13,0,0
BRDA:75,14,0,0
BRDA:80,15,0,0
BRDA:86,16,0,0
BRDA:90,17,0,0
BRDA:94,18,0,0
BRDA:95,19,0,0
BRDA:96,20,0,0
BRDA:97,21,0,0
BRDA:106,22,0,0
BRDA:112,23,0,0
BRDA:113,24,0,0
BRDA:116,25,0,0
BRDA:117,26,0,0
BRDA:123,27,0,0
BRDA:124,28,0,0
BRDA:130,29,0,0
BRDA:137,30,0,1
BRDA:140,31,0,0
BRDA:144,32,0,0
BRDA:150,33,0,0
BRDA:150,34,0,0
BRDA:156,35,0,0
BRDA:161,36,0,0
BRDA:167,37,0,0
BRDA:168,38,0,0
BRDA:183,39,0,0
BRDA:188,40,0,0
BRDA:195,41,0,0
BRDA:200,42,0,0
BRDA:208,43,0,0
BRF:44
BRH:5
end_of_record
TN:
SF:backend\src\controllers\userController.js
FN:7,exports.getAllUsers
FN:17,exports.createUser
FN:30,exports.getUserById
FN:41,exports.updateProfile
FN:65,exports.updateUser
FN:79,exports.deleteUser
FN:91,exports.deleteMe
FNF:7
FNH:6
FNDA:1,exports.getAllUsers
FNDA:0,exports.createUser
FNDA:1,exports.getUserById
FNDA:1,exports.updateProfile
FNDA:1,exports.updateUser
FNDA:1,exports.deleteUser
FNDA:2,exports.deleteMe
DA:1,15
DA:2,15
DA:3,15
DA:4,15
DA:5,15
DA:6,15
DA:7,15
DA:8,1
DA:9,1
DA:10,1
DA:11,1
DA:12,0
DA:13,0
DA:14,15
DA:15,15
DA:16,15
DA:17,15
DA:18,0
DA:19,0
DA:20,0
DA:21,0
DA:22,0
DA:23,0
DA:24,0
DA:25,0
DA:26,0
DA:27,15
DA:28,15
DA:29,15
DA:30,15
DA:31,1
DA:32,1
DA:33,1
DA:34,1
DA:35,1
DA:36,0
DA:37,0
DA:38,15
DA:39,15
DA:40,15
DA:41,15
DA:42,1
DA:43,1
DA:44,1
DA:45,1
DA:46,1
DA:47,1
DA:48,1
DA:49,1
DA:50,1
DA:51,1
DA:52,1
DA:53,1
DA:54,1
DA:55,1
DA:56,1
DA:57,1
DA:58,0
DA:59,0
DA:60,0
DA:61,0
DA:62,15
DA:63,15
DA:64,15
DA:65,15
DA:66,1
DA:67,1
DA:68,1
DA:69,1
DA:70,1
DA:71,1
DA:72,1
DA:73,1
DA:74,0
DA:75,0
DA:76,15
DA:77,15
DA:78,15
DA:79,15
DA:80,1
DA:81,1
DA:82,1
DA:83,1
DA:84,1
DA:85,0
DA:86,0
DA:87,15
DA:88,15
DA:89,15
DA:90,15
DA:91,15
DA:92,2
DA:93,2
DA:94,2
DA:95,2
DA:96,2
DA:97,2
DA:98,1
DA:99,1
DA:100,1
DA:101,1
DA:102,1
DA:103,2
DA:104,1
DA:105,1
DA:106,2
DA:107,0
DA:108,0
DA:109,1
DA:110,1
DA:111,1
DA:112,2
DA:113,1
DA:114,1
DA:115,1
DA:116,1
DA:117,1
DA:118,1
DA:119,1
DA:120,2
DA:121,0
DA:122,0
DA:123,0
DA:124,0
DA:125,0
DA:126,0
DA:127,0
DA:128,0
DA:129,2
DA:130,1
DA:131,1
DA:132,1
DA:133,1
DA:134,1
DA:135,1
DA:136,1
DA:137,1
DA:138,1
DA:139,1
DA:140,1
DA:141,1
DA:142,1
DA:143,1
DA:144,1
DA:145,1
DA:146,2
DA:147,0
DA:148,0
DA:149,0
DA:150,15
LF:150
LH:116
BRDA:1,0,0,15
BRDA:7,1,0,1
BRDA:11,2,0,0
BRDA:30,3,0,1
BRDA:33,4,0,0
BRDA:35,5,0,0
BRDA:41,6,0,1
BRDA:46,7,0,0
BRDA:47,8,0,0
BRDA:48,9,0,0
BRDA:49,10,0,0
BRDA:50,11,0,0
BRDA:51,12,0,0
BRDA:51,13,0,0
BRDA:58,14,0,0
BRDA:65,15,0,1
BRDA:68,16,0,0
BRDA:71,17,0,0
BRDA:73,18,0,0
BRDA:79,19,0,1
BRDA:82,20,0,0
BRDA:84,21,0,0
BRDA:91,22,0,2
BRDA:93,23,0,0
BRDA:94,24,0,0
BRDA:96,25,0,0
BRDA:97,26,0,1
BRDA:103,27,0,0
BRDA:104,28,0,1
BRDA:106,29,0,0
BRDA:109,30,0,1
BRDA:112,31,0,0
BRDA:113,32,0,1
BRDA:120,33,0,0
BRDA:129,34,0,1
BRDA:131,35,0,0
BRDA:146,36,0,0
BRF:37
BRH:12
end_of_record
TN:
SF:backend\src\routes\authRoutes.js
FNF:0
FNH:0
DA:1,15
DA:2,15
DA:3,15
DA:4,15
DA:5,15
DA:6,15
DA:7,15
DA:8,15
DA:9,15
DA:10,15
DA:11,15
DA:12,15
DA:13,15
DA:14,15
DA:15,15
DA:16,15
DA:17,15
DA:18,15
DA:19,15
DA:20,15
DA:21,15
DA:22,15
DA:23,15
LF:23
LH:23
BRDA:1,0,0,15
BRF:1
BRH:1
end_of_record
TN:
SF:backend\src\routes\boatRoutes.js
FNF:0
FNH:0
DA:1,15
DA:2,15
DA:3,15
DA:4,15
DA:5,15
DA:6,15
DA:7,15
DA:8,15
DA:9,15
DA:10,15
DA:11,15
DA:12,15
DA:13,15
DA:14,15
DA:15,15
LF:15
LH:15
BRDA:1,0,0,15
BRF:1
BRH:1
end_of_record
TN:
SF:backend\src\routes\contractualDocumentRoutes.js
FNF:0
FNH:0
DA:1,15
DA:2,15
DA:3,15
DA:4,15
DA:5,15
DA:6,15
DA:7,15
DA:8,15
DA:9,15
DA:10,15
DA:11,15
DA:12,15
DA:13,15
DA:14,15
DA:15,15
DA:16,15
DA:17,15
DA:18,15
DA:19,15
DA:20,15
DA:21,15
DA:22,15
DA:23,15
DA:24,15
LF:24
LH:24
BRDA:1,0,0,15
BRF:1
BRH:1
end_of_record
TN:
SF:backend\src\routes\favoriteRoutes.js
FNF:0
FNH:0
DA:1,15
DA:2,15
DA:3,15
DA:4,15
DA:5,15
DA:6,15
DA:7,15
DA:8,15
DA:9,15
DA:10,15
DA:11,15
LF:11
LH:11
BRDA:1,0,0,15
BRF:1
BRH:1
end_of_record
TN:
SF:backend\src\routes\reservationRoutes.js
FNF:0
FNH:0
DA:1,15
DA:2,15
DA:3,15
DA:4,15
DA:5,15
DA:6,15
DA:7,15
DA:8,15
DA:9,15
DA:10,15
DA:11,15
DA:12,15
DA:13,15
DA:14,15
DA:15,15
DA:16,15
DA:17,15
DA:18,15
DA:19,15
DA:20,15
DA:21,15
DA:22,15
DA:23,15
DA:24,15
DA:25,15
DA:26,15
DA:27,15
DA:28,15
DA:29,15
DA:30,15
DA:31,15
DA:32,15
DA:33,15
DA:34,15
DA:35,15
DA:36,15
DA:37,15
DA:38,15
DA:39,15
DA:40,15
DA:41,15
LF:41
LH:41
BRDA:1,0,0,15
BRF:1
BRH:1
end_of_record
TN:
SF:backend\src\routes\reviewRoutes.js
FNF:0
FNH:0
DA:1,15
DA:2,15
DA:3,15
DA:4,15
DA:5,15
DA:6,15
DA:7,15
DA:8,15
DA:9,15
DA:10,15
DA:11,15
DA:12,15
DA:13,15
DA:14,15
DA:15,15
DA:16,15
DA:17,15
DA:18,15
LF:18
LH:18
BRDA:1,0,0,15
BRF:1
BRH:1
end_of_record
TN:
SF:backend\src\routes\stripeRoutes.js
FNF:0
FNH:0
DA:1,15
DA:2,15
DA:3,15
DA:4,15
DA:5,15
DA:6,15
DA:7,15
DA:8,15
DA:9,15
DA:10,15
DA:11,15
DA:12,15
DA:13,15
DA:14,15
LF:14
LH:14
BRDA:1,0,0,15
BRF:1
BRH:1
end_of_record
